-------------------------------------------------------------------------------
Test set: TestSuite
-------------------------------------------------------------------------------
Tests run: 1, Failures: 1, Errors: 0, Skipped: 0, Time elapsed: 0.914 s <<< FAILURE! - in TestSuite
setUpClass(Testrunner.ParallelrunnerTest)  Time elapsed: 0.726 s  <<< FAILURE!
java.lang.IllegalArgumentException: path must exist: C:\src\test\resources\Parallel

