<?xml version="1.0" encoding="UTF-8"?>
<testng-results ignored="0" total="0" passed="0" failed="0" skipped="0">
  <reporter-output>
  </reporter-output>
  <suite started-at="2025-09-16T15:48:54 IST" name="Surefire suite" finished-at="2025-09-16T15:48:54 IST" duration-ms="197">
    <groups>
      <group name="cucumber">
        <method signature="AbstractTestNGCucumberTests.runScenario(io.cucumber.testng.PickleWrapper,io.cucumber.testng.FeatureWrapper)[pri:0, instance:Testrunner.ParallelrunnerTest@2f112965]" name="runScenario" class="io.cucumber.testng.AbstractTestNGCucumberTests"/>
      </group> <!-- cucumber -->
    </groups>
    <test started-at="2025-09-16T15:48:54 IST" name="Surefire test" finished-at="2025-09-16T15:48:54 IST" duration-ms="197">
      <class name="Testrunner.ParallelrunnerTest">
        <test-method is-config="true" signature="setUpClass(org.testng.ITestContext)[pri:0, instance:Testrunner.ParallelrunnerTest@2f112965]" started-at="2025-09-16T15:48:54 IST" name="setUpClass" finished-at="2025-09-16T15:48:54 IST" duration-ms="158" status="PASS">
          <params>
            <param index="0">
              <value>
                <![CDATA[org.testng.TestRunner@563f38c4]]>
              </value>
            </param>
          </params>
          <reporter-output>
          </reporter-output>
        </test-method> <!-- setUpClass -->
        <test-method is-config="true" signature="tearDownClass()[pri:0, instance:Testrunner.ParallelrunnerTest@2f112965]" started-at="2025-09-16T15:48:54 IST" name="tearDownClass" finished-at="2025-09-16T15:48:54 IST" duration-ms="3" status="PASS">
          <reporter-output>
          </reporter-output>
        </test-method> <!-- tearDownClass -->
      </class> <!-- Testrunner.ParallelrunnerTest -->
    </test> <!-- Surefire test -->
  </suite> <!-- Surefire suite -->
</testng-results>
